<?xml version="1.0" encoding="UTF-8"?>
<!-- Generated by org.testng.reporters.JUnitXMLReporter -->
<testsuite hostname="Dell-PC" name="Sample test" tests="7" failures="0" timestamp="21 Jun 2016 03:05:19 GMT" time="0.135" errors="0">
  <testcase name="testgetWordsCountasMap" time="0.095" classname="com.intelliment.service.TestServiceLayer"/>
  <testcase name="testgetWordsCountasMap" time="0.001" classname="com.intelliment.service.TestServiceLayer"/>
  <testcase name="testgetWordsCountasMap" time="0.001" classname="com.intelliment.service.TestServiceLayer"/>
  <testcase name="testgetWordsCountasMap" time="0.001" classname="com.intelliment.service.TestServiceLayer"/>
  <testcase name="testgetWordsCountasMap" time="0.001" classname="com.intelliment.service.TestServiceLayer"/>
  <testcase name="testgetWordsCountasMap" time="0.001" classname="com.intelliment.service.TestServiceLayer"/>
  <testcase name="testgetWordsCountasMap" time="0.001" classname="com.intelliment.service.TestServiceLayer"/>
</testsuite> <!-- Sample test -->
