# JRE version: Java(TM) SE Runtime Environment (8.0_77-b03) (build 1.8.0_77-b03)
# Java VM: Java HotSpot(TM) 64-Bit Server VM (25.77-b03 mixed mode windows-amd64 compressed oops)
Heap:
 PSYoungGen      total 117760K, used 104003K [0x00000000eb600000, 0x00000000f4180000, 0x0000000100000000)
  eden space 110080K, 87% used [0x00000000eb600000,0x00000000f141a560,0x00000000f2180000)
  from space 7680K, 99% used [0x00000000f3a00000,0x00000000f41767f0,0x00000000f4180000)
  to   space 9216K, 0% used [0x00000000f2f80000,0x00000000f2f80000,0x00000000f3880000)
 ParOldGen       total 33280K, used 8725K [0x00000000c2200000, 0x00000000c4280000, 0x00000000eb600000)
  object space 33280K, 26% used [0x00000000c2200000,0x00000000c2a85718,0x00000000c4280000)
 Metaspace       used 32149K, capacity 32492K, committed 32896K, reserved 1077248K
  class space    used 3993K, capacity 4107K, committed 4224K, reserved 1048576K
GC Heap History (10 events):
Event: 2.643 GC heap before
{Heap before GC invocations=5 (full 0):
 PSYoungGen      total 34304K, used 34304K [0x00000000eb600000, 0x00000000eda00000, 0x0000000100000000)
  eden space 31744K, 100% used [0x00000000eb600000,0x00000000ed500000,0x00000000ed500000)
  from space 2560K, 100% used [0x00000000ed780000,0x00000000eda00000,0x00000000eda00000)
  to   space 2560K, 0% used [0x00000000ed500000,0x00000000ed500000,0x00000000ed780000)
 ParOldGen       total 42496K, used 10253K [0x00000000c2200000, 0x00000000c4b80000, 0x00000000eb600000)
  object space 42496K, 24% used [0x00000000c2200000,0x00000000c2c03760,0x00000000c4b80000)
 Metaspace       used 19056K, capacity 19258K, committed 19584K, reserved 1067008K
  class space    used 2306K, capacity 2358K, committed 2432K, reserved 1048576K
Event: 2.680 GC heap after
Heap after GC invocations=5 (full 0):
 PSYoungGen      total 34304K, used 2528K [0x00000000eb600000, 0x00000000f0400000, 0x0000000100000000)
  eden space 31744K, 0% used [0x00000000eb600000,0x00000000eb600000,0x00000000ed500000)
  from space 2560K, 98% used [0x00000000ed500000,0x00000000ed778020,0x00000000ed780000)
  to   space 8192K, 0% used [0x00000000efc00000,0x00000000efc00000,0x00000000f0400000)
 ParOldGen       total 42496K, used 13949K [0x00000000c2200000, 0x00000000c4b80000, 0x00000000eb600000)
  object space 42496K, 32% used [0x00000000c2200000,0x00000000c2f9f438,0x00000000c4b80000)
 Metaspace       used 19056K, capacity 19258K, committed 19584K, reserved 1067008K
  class space    used 2306K, capacity 2358K, committed 2432K, reserved 1048576K
}
Event: 3.506 GC heap before
{Heap before GC invocations=6 (full 0):
 PSYoungGen      total 34304K, used 34272K [0x00000000eb600000, 0x00000000f0400000, 0x0000000100000000)
  eden space 31744K, 100% used [0x00000000eb600000,0x00000000ed500000,0x00000000ed500000)
  from space 2560K, 98% used [0x00000000ed500000,0x00000000ed778020,0x00000000ed780000)
  to   space 8192K, 0% used [0x00000000efc00000,0x00000000efc00000,0x00000000f0400000)
 ParOldGen       total 42496K, used 13949K [0x00000000c2200000, 0x00000000c4b80000, 0x00000000eb600000)
  object space 42496K, 32% used [0x00000000c2200000,0x00000000c2f9f438,0x00000000c4b80000)
 Metaspace       used 20750K, capacity 20914K, committed 21120K, reserved 1067008K
  class space    used 2544K, capacity 2586K, committed 2688K, reserved 1048576K
Event: 3.565 GC heap after
Heap after GC invocations=6 (full 0):
 PSYoungGen      total 70656K, used 5522K [0x00000000eb600000, 0x00000000f0300000, 0x0000000100000000)
  eden space 63488K, 0% used [0x00000000eb600000,0x00000000eb600000,0x00000000ef400000)
  from space 7168K, 77% used [0x00000000efc00000,0x00000000f0164860,0x00000000f0300000)
  to   space 7680K, 0% used [0x00000000ef400000,0x00000000ef400000,0x00000000efb80000)
 ParOldGen       total 42496K, used 13949K [0x00000000c2200000, 0x00000000c4b80000, 0x00000000eb600000)
  object space 42496K, 32% used [0x00000000c2200000,0x00000000c2f9f438,0x00000000c4b80000)
 Metaspace       used 20750K, capacity 20914K, committed 21120K, reserved 1067008K
  class space    used 2544K, capacity 2586K, committed 2688K, reserved 1048576K
}
Event: 3.676 GC heap before
{Heap before GC invocations=7 (full 0):
 PSYoungGen      total 70656K, used 8597K [0x00000000eb600000, 0x00000000f0300000, 0x0000000100000000)
  eden space 63488K, 4% used [0x00000000eb600000,0x00000000eb900f90,0x00000000ef400000)
  from space 7168K, 77% used [0x00000000efc00000,0x00000000f0164860,0x00000000f0300000)
  to   space 7680K, 0% used [0x00000000ef400000,0x00000000ef400000,0x00000000efb80000)
 ParOldGen       total 42496K, used 13949K [0x00000000c2200000, 0x00000000c4b80000, 0x00000000eb600000)
  object space 42496K, 32% used [0x00000000c2200000,0x00000000c2f9f438,0x00000000c4b80000)
 Metaspace       used 20953K, capacity 21144K, committed 21296K, reserved 1069056K
  class space    used 2559K, capacity 2619K, committed 2688K, reserved 1048576K
Event: 3.708 GC heap after
Heap after GC invocations=7 (full 0):
 PSYoungGen      total 71168K, used 2384K [0x00000000eb600000, 0x00000000f4200000, 0x0000000100000000)
  eden space 63488K, 0% used [0x00000000eb600000,0x00000000eb600000,0x00000000ef400000)
  from space 7680K, 31% used [0x00000000ef400000,0x00000000ef654010,0x00000000efb80000)
  to   space 8192K, 0% used [0x00000000f3a00000,0x00000000f3a00000,0x00000000f4200000)
 ParOldGen       total 42496K, used 15273K [0x00000000c2200000, 0x00000000c4b80000, 0x00000000eb600000)
  object space 42496K, 35% used [0x00000000c2200000,0x00000000c30ea7c0,0x00000000c4b80000)
 Metaspace       used 20953K, capacity 21144K, committed 21296K, reserved 1069056K
  class space    used 2559K, capacity 2619K, committed 2688K, reserved 1048576K
}
Event: 3.708 GC heap before
{Heap before GC invocations=8 (full 1):
 PSYoungGen      total 71168K, used 2384K [0x00000000eb600000, 0x00000000f4200000, 0x0000000100000000)
  eden space 63488K, 0% used [0x00000000eb600000,0x00000000eb600000,0x00000000ef400000)
  from space 7680K, 31% used [0x00000000ef400000,0x00000000ef654010,0x00000000efb80000)
  to   space 8192K, 0% used [0x00000000f3a00000,0x00000000f3a00000,0x00000000f4200000)
 ParOldGen       total 42496K, used 15273K [0x00000000c2200000, 0x00000000c4b80000, 0x00000000eb600000)
  object space 42496K, 35% used [0x00000000c2200000,0x00000000c30ea7c0,0x00000000c4b80000)
 Metaspace       used 20953K, capacity 21144K, committed 21296K, reserved 1069056K
  class space    used 2559K, capacity 2619K, committed 2688K, reserved 1048576K
Event: 3.804 GC heap after
Heap after GC invocations=8 (full 1):
 PSYoungGen      total 71168K, used 0K [0x00000000eb600000, 0x00000000f4200000, 0x0000000100000000)
  eden space 63488K, 0% used [0x00000000eb600000,0x00000000eb600000,0x00000000ef400000)
  from space 7680K, 0% used [0x00000000ef400000,0x00000000ef400000,0x00000000efb80000)
  to   space 8192K, 0% used [0x00000000f3a00000,0x00000000f3a00000,0x00000000f4200000)
 ParOldGen       total 33280K, used 8717K [0x00000000c2200000, 0x00000000c4280000, 0x00000000eb600000)
  object space 33280K, 26% used [0x00000000c2200000,0x00000000c2a83718,0x00000000c4280000)
 Metaspace       used 20953K, capacity 21144K, committed 21296K, reserved 1069056K
  class space    used 2559K, capacity 2619K, committed 2688K, reserved 1048576K
}
Event: 5.691 GC heap before
{Heap before GC invocations=9 (full 1):
 PSYoungGen      total 71168K, used 63488K [0x00000000eb600000, 0x00000000f4200000, 0x0000000100000000)
  eden space 63488K, 100% used [0x00000000eb600000,0x00000000ef400000,0x00000000ef400000)
  from space 7680K, 0% used [0x00000000ef400000,0x00000000ef400000,0x00000000efb80000)
  to   space 8192K, 0% used [0x00000000f3a00000,0x00000000f3a00000,0x00000000f4200000)
 ParOldGen       total 33280K, used 8717K [0x00000000c2200000, 0x00000000c4280000, 0x00000000eb600000)
  object space 33280K, 26% used [0x00000000c2200000,0x00000000c2a83718,0x00000000c4280000)
 Metaspace       used 25712K, capacity 25954K, committed 26240K, reserved 1073152K
  class space    used 3115K, capacity 3170K, committed 3200K, reserved 1048576K
Event: 5.707 GC heap after
Heap after GC invocations=9 (full 1):
 PSYoungGen      total 117760K, used 7641K [0x00000000eb600000, 0x00000000f4180000, 0x0000000100000000)
  eden space 110080K, 0% used [0x00000000eb600000,0x00000000eb600000,0x00000000f2180000)
  from space 7680K, 99% used [0x00000000f3a00000,0x00000000f41767f0,0x00000000f4180000)
  to   space 9216K, 0% used [0x00000000f2f80000,0x00000000f2f80000,0x00000000f3880000)
 ParOldGen       total 33280K, used 8725K [0x00000000c2200000, 0x00000000c4280000, 0x00000000eb600000)
  object space 33280K, 26% used [0x00000000c2200000,0x00000000c2a85718,0x00000000c4280000)
 Metaspace       used 25712K, capacity 25954K, committed 26240K, reserved 1073152K
  class space    used 3115K, capacity 3170K, committed 3200K, reserved 1048576K
}

